415
     1   0.0000e+00   0.0000e+00   1.0000e+00   6.4000e-03  -6.4000e-03   0.0000e+00   3.0000e-03 0
     2   4.8000e-03  -1.6000e-03   1.0000e+00   3.2000e-03   3.2000e-03   0.0000e+00   3.0000e-03 0
     3   7.9929e-03   0.0000e+00   1.0000e+00   3.1857e-03   0.0000e+00   0.0000e+00   3.0000e-03 0
     4   1.1179e-02   0.0000e+00   1.0000e+00   3.1857e-03   0.0000e+00   0.0000e+00   3.0000e-03 0
     5   1.4364e-02   0.0000e+00   1.0000e+00   3.1857e-03   0.0000e+00   0.0000e+00   3.0000e-03 0
     6   1.7550e-02   0.0000e+00   1.0000e+00   3.1857e-03   0.0000e+00   0.0000e+00   3.0000e-03 0
     7   2.0736e-02   0.0000e+00   1.0000e+00   3.1857e-03   0.0000e+00   0.0000e+00   3.0000e-03 0
     8   2.3921e-02   0.0000e+00   1.0000e+00   3.1857e-03   0.0000e+00   0.0000e+00   3.0000e-03 0
     9   2.7107e-02   0.0000e+00   1.0000e+00   3.1857e-03   0.0000e+00   0.0000e+00   3.0000e-03 0
    10   3.0293e-02   0.0000e+00   1.0000e+00   3.1857e-03   0.0000e+00   0.0000e+00   3.0000e-03 0
    11   3.3479e-02   0.0000e+00   1.0000e+00   3.1857e-03   0.0000e+00   0.0000e+00   3.0000e-03 0
    12   3.6664e-02   0.0000e+00   1.0000e+00   3.1857e-03   0.0000e+00   0.0000e+00   3.0000e-03 0
    13   3.9850e-02   0.0000e+00   1.0000e+00   3.1857e-03   0.0000e+00   0.0000e+00   3.0000e-03 0
    14   4.3036e-02   0.0000e+00   1.0000e+00   3.1857e-03   0.0000e+00   0.0000e+00   3.0000e-03 0
    15   4.6221e-02   0.0000e+00   1.0000e+00   3.1857e-03   0.0000e+00   0.0000e+00   3.0000e-03 0
    16   4.9407e-02   0.0000e+00   1.0000e+00   3.1857e-03   0.0000e+00   0.0000e+00   3.0000e-03 0
    17  -4.8000e-03   1.6000e-03   1.0000e+00  -3.2000e-03  -3.2000e-03   0.0000e+00   3.0000e-03 0
    18  -7.9929e-03   0.0000e+00   1.0000e+00  -3.1857e-03   0.0000e+00   0.0000e+00   3.0000e-03 0
    19  -1.1179e-02   0.0000e+00   1.0000e+00  -3.1857e-03   0.0000e+00   0.0000e+00   3.0000e-03 0
    20  -1.4364e-02   0.0000e+00   1.0000e+00  -3.1857e-03   0.0000e+00   0.0000e+00   3.0000e-03 0
    21  -1.7550e-02   0.0000e+00   1.0000e+00  -3.1857e-03   0.0000e+00   0.0000e+00   3.0000e-03 0
    22  -2.0736e-02   0.0000e+00   1.0000e+00  -3.1857e-03   0.0000e+00   0.0000e+00   3.0000e-03 0
    23  -2.3921e-02   0.0000e+00   1.0000e+00  -3.1857e-03   0.0000e+00   0.0000e+00   3.0000e-03 0
    24  -2.7107e-02   0.0000e+00   1.0000e+00  -3.1857e-03   0.0000e+00   0.0000e+00   3.0000e-03 0
    25  -3.0293e-02   0.0000e+00   1.0000e+00  -3.1857e-03   0.0000e+00   0.0000e+00   3.0000e-03 0
    26  -3.3479e-02   0.0000e+00   1.0000e+00  -3.1857e-03   0.0000e+00   0.0000e+00   3.0000e-03 0
    27  -3.6664e-02   0.0000e+00   1.0000e+00  -3.1857e-03   0.0000e+00   0.0000e+00   3.0000e-03 0
    28  -3.9850e-02   0.0000e+00   1.0000e+00  -3.1857e-03   0.0000e+00   0.0000e+00   3.0000e-03 0
    29  -4.3036e-02   0.0000e+00   1.0000e+00  -3.1857e-03   0.0000e+00   0.0000e+00   3.0000e-03 0
    30  -4.6221e-02   0.0000e+00   1.0000e+00  -3.1857e-03   0.0000e+00   0.0000e+00   3.0000e-03 0
    31  -4.9407e-02   0.0000e+00   1.0000e+00  -3.1857e-03   0.0000e+00   0.0000e+00   3.0000e-03 0
    32  -1.6000e-03   4.8000e-03   1.0000e+00   3.2000e-03   3.2000e-03   0.0000e+00   3.0000e-03 0
    33   0.0000e+00   7.9036e-03   1.0000e+00   0.0000e+00   3.0071e-03   0.0000e+00   3.0000e-03 0
    34   0.0000e+00   1.0911e-02   1.0000e+00   0.0000e+00   3.0071e-03   0.0000e+00   3.0000e-03 0
    35   0.0000e+00   1.3918e-02   1.0000e+00   0.0000e+00   3.0071e-03   0.0000e+00   3.0000e-03 0
    36   0.0000e+00   1.6925e-02   1.0000e+00   0.0000e+00   3.0071e-03   0.0000e+00   3.0000e-03 0
    37   0.0000e+00   1.9932e-02   1.0000e+00   0.0000e+00   3.0071e-03   0.0000e+00   3.0000e-03 0
    38   0.0000e+00   2.2939e-02   1.0000e+00   0.0000e+00   3.0071e-03   0.0000e+00   3.0000e-03 0
    39   0.0000e+00   2.5946e-02   1.0000e+00   0.0000e+00   3.0071e-03   0.0000e+00   3.0000e-03 0
    40   0.0000e+00   2.8954e-02   1.0000e+00   0.0000e+00   3.0071e-03   0.0000e+00   3.0000e-03 0
    41   0.0000e+00   3.1961e-02   1.0000e+00   0.0000e+00   3.0071e-03   0.0000e+00   3.0000e-03 0
    42   0.0000e+00   3.4968e-02   1.0000e+00   0.0000e+00   3.0071e-03   0.0000e+00   3.0000e-03 0
    43   0.0000e+00   3.7975e-02   1.0000e+00   0.0000e+00   3.0071e-03   0.0000e+00   3.0000e-03 0
    44   0.0000e+00   4.0982e-02   1.0000e+00   0.0000e+00   3.0071e-03   0.0000e+00   3.0000e-03 0
    45   0.0000e+00   4.3989e-02   1.0000e+00   0.0000e+00   3.0071e-03   0.0000e+00   3.0000e-03 0
    46   0.0000e+00   4.6996e-02   1.0000e+00   0.0000e+00   3.0071e-03   0.0000e+00   3.0000e-03 0
    47   1.6000e-03  -4.8000e-03   1.0000e+00  -3.2000e-03  -3.2000e-03   0.0000e+00   3.0000e-03 0
    48   0.0000e+00  -7.9036e-03   1.0000e+00   0.0000e+00  -3.0071e-03   0.0000e+00   3.0000e-03 0
    49   0.0000e+00  -1.0911e-02   1.0000e+00   0.0000e+00  -3.0071e-03   0.0000e+00   3.0000e-03 0
    50   0.0000e+00  -1.3918e-02   1.0000e+00   0.0000e+00  -3.0071e-03   0.0000e+00   3.0000e-03 0
    51   0.0000e+00  -1.6925e-02   1.0000e+00   0.0000e+00  -3.0071e-03   0.0000e+00   3.0000e-03 0
    52   0.0000e+00  -1.9932e-02   1.0000e+00   0.0000e+00  -3.0071e-03   0.0000e+00   3.0000e-03 0
    53   0.0000e+00  -2.2939e-02   1.0000e+00   0.0000e+00  -3.0071e-03   0.0000e+00   3.0000e-03 0
    54   0.0000e+00  -2.5946e-02   1.0000e+00   0.0000e+00  -3.0071e-03   0.0000e+00   3.0000e-03 0
    55   0.0000e+00  -2.8954e-02   1.0000e+00   0.0000e+00  -3.0071e-03   0.0000e+00   3.0000e-03 0
    56   0.0000e+00  -3.1961e-02   1.0000e+00   0.0000e+00  -3.0071e-03   0.0000e+00   3.0000e-03 0
    57   0.0000e+00  -3.4968e-02   1.0000e+00   0.0000e+00  -3.0071e-03   0.0000e+00   3.0000e-03 0
    58   0.0000e+00  -3.7975e-02   1.0000e+00   0.0000e+00  -3.0071e-03   0.0000e+00   3.0000e-03 0
    59   0.0000e+00  -4.0982e-02   1.0000e+00   0.0000e+00  -3.0071e-03   0.0000e+00   3.0000e-03 0
    60   0.0000e+00  -4.3989e-02   1.0000e+00   0.0000e+00  -3.0071e-03   0.0000e+00   3.0000e-03 0
    61   0.0000e+00  -4.6996e-02   1.0000e+00   0.0000e+00  -3.0071e-03   0.0000e+00   3.0000e-03 0
    62   5.0950e-02   1.1000e-03   9.9843e-01  -1.0000e-04   2.2000e-03  -3.1500e-03   3.0000e-03 0
    63   5.0850e-02   3.3000e-03   9.9528e-01  -1.0000e-04   2.2000e-03  -3.1500e-03   3.0000e-03 0
    64  -5.0950e-02  -1.1000e-03   9.9843e-01   1.0000e-04  -2.2000e-03  -3.1500e-03   3.0000e-03 0
    65  -5.0850e-02  -3.3000e-03   9.9528e-01   1.0000e-04  -2.2000e-03  -3.1500e-03   3.0000e-03 0
    66  -1.0500e-03   4.8450e-02   9.9850e-01  -2.1000e-03  -1.0000e-04  -3.0000e-03   3.0000e-03 0
    67  -3.1500e-03   4.8350e-02   9.9550e-01  -2.1000e-03  -1.0000e-04  -3.0000e-03   3.0000e-03 0
    68   1.0500e-03  -4.8450e-02   9.9850e-01   2.1000e-03   1.0000e-04  -3.0000e-03   3.0000e-03 0
    69   3.1500e-03  -4.8350e-02   9.9550e-01   2.1000e-03   1.0000e-04  -3.0000e-03   3.0000e-03 0
    70   5.0650e-02   5.5250e-03   9.9213e-01  -3.0000e-04   2.2500e-03  -3.1500e-03   3.0000e-03 0
    71   5.0350e-02   7.7750e-03   9.8898e-01  -3.0000e-04   2.2500e-03  -3.1500e-03   3.0000e-03 0
    72  -5.0650e-02  -5.5250e-03   9.9213e-01   3.0000e-04  -2.2500e-03  -3.1500e-03   3.0000e-03 0
    73  -5.0350e-02  -7.7750e-03   9.8898e-01   3.0000e-04  -2.2500e-03  -3.1500e-03   3.0000e-03 0
    74  -5.2500e-03   4.8175e-02   9.9252e-01  -2.1000e-03  -2.5000e-04  -2.9500e-03   3.0000e-03 0
    75  -7.3500e-03   4.7925e-02   9.8957e-01  -2.1000e-03  -2.5000e-04  -2.9500e-03   3.0000e-03 0
    76   5.2500e-03  -4.8175e-02   9.9252e-01   2.1000e-03   2.5000e-04  -2.9500e-03   3.0000e-03 0
    77   7.3500e-03  -4.7925e-02   9.8957e-01   2.1000e-03   2.5000e-04  -2.9500e-03   3.0000e-03 0
    78   4.9975e-02   9.9750e-03   9.8583e-01  -4.5000e-04   2.1500e-03  -3.1500e-03   3.0000e-03 0
    79   4.9525e-02   1.2125e-02   9.8267e-01  -4.5000e-04   2.1500e-03  -3.1500e-03   3.0000e-03 0
    80  -4.9975e-02  -9.9750e-03   9.8583e-01   4.5000e-04  -2.1500e-03  -3.1500e-03   3.0000e-03 0
    81  -4.9525e-02  -1.2125e-02   9.8267e-01   4.5000e-04  -2.1500e-03  -3.1500e-03   3.0000e-03 0
    82  -9.4500e-03   4.7550e-02   9.8660e-01  -2.1000e-03  -5.0000e-04  -3.0000e-03   3.0000e-03 0
    83  -1.1550e-02   4.7050e-02   9.8360e-01  -2.1000e-03  -5.0000e-04  -3.0000e-03   3.0000e-03 0
    84   9.4500e-03  -4.7550e-02   9.8660e-01   2.1000e-03   5.0000e-04  -3.0000e-03   3.0000e-03 0
    85   1.1550e-02  -4.7050e-02   9.8360e-01   2.1000e-03   5.0000e-04  -3.0000e-03   3.0000e-03 0
    86   4.8950e-02   1.4250e-02   9.7952e-01  -7.0000e-04   2.1000e-03  -3.1500e-03   3.0000e-03 0
    87   4.8250e-02   1.6350e-02   9.7637e-01  -7.0000e-04   2.1000e-03  -3.1500e-03   3.0000e-03 0
    88  -4.8950e-02  -1.4250e-02   9.7952e-01   7.0000e-04  -2.1000e-03  -3.1500e-03   3.0000e-03 0
    89  -4.8250e-02  -1.6350e-02   9.7637e-01   7.0000e-04  -2.1000e-03  -3.1500e-03   3.0000e-03 0
    90  -1.3600e-02   4.6500e-02   9.8060e-01  -2.0000e-03  -6.0000e-04  -3.0000e-03   3.0000e-03 0
    91  -1.5600e-02   4.5900e-02   9.7760e-01  -2.0000e-03  -6.0000e-04  -3.0000e-03   3.0000e-03 0
    92   1.3600e-02  -4.6500e-02   9.8060e-01   2.0000e-03   6.0000e-04  -3.0000e-03   3.0000e-03 0
    93   1.5600e-02  -4.5900e-02   9.7760e-01   2.0000e-03   6.0000e-04  -3.0000e-03   3.0000e-03 0
    94   4.7475e-02   1.8450e-02   9.7323e-01  -8.5000e-04   2.1000e-03  -3.1500e-03   3.0000e-03 0
    95   4.6625e-02   2.0550e-02   9.7008e-01  -8.5000e-04   2.1000e-03  -3.1500e-03   3.0000e-03 0
    96  -4.7475e-02  -1.8450e-02   9.7323e-01   8.5000e-04  -2.1000e-03  -3.1500e-03   3.0000e-03 0
    97  -4.6625e-02  -2.0550e-02   9.7008e-01   8.5000e-04  -2.1000e-03  -3.1500e-03   3.0000e-03 0
    98  -1.7575e-02   4.5200e-02   9.7460e-01  -1.9500e-03  -8.0000e-04  -3.0000e-03   3.0000e-03 0
    99  -1.9525e-02   4.4400e-02   9.7160e-01  -1.9500e-03  -8.0000e-04  -3.0000e-03   3.0000e-03 0
   100   1.7575e-02  -4.5200e-02   9.7460e-01   1.9500e-03   8.0000e-04  -3.0000e-03   3.0000e-03 0
   101   1.9525e-02  -4.4400e-02   9.7160e-01   1.9500e-03   8.0000e-04  -3.0000e-03   3.0000e-03 0
   102   4.5700e-02   2.2575e-02   9.6693e-01  -1.0000e-03   1.9500e-03  -3.1500e-03   3.0000e-03 0
   103   4.4700e-02   2.4525e-02   9.6378e-01  -1.0000e-03   1.9500e-03  -3.1500e-03   3.0000e-03 0
   104  -4.5700e-02  -2.2575e-02   9.6693e-01   1.0000e-03  -1.9500e-03  -3.1500e-03   3.0000e-03 0
   105  -4.4700e-02  -2.4525e-02   9.6378e-01   1.0000e-03  -1.9500e-03  -3.1500e-03   3.0000e-03 0
   106  -2.1425e-02   4.3500e-02   9.6862e-01  -1.8500e-03  -1.0000e-03  -2.9500e-03   3.0000e-03 0
   107  -2.3275e-02   4.2500e-02   9.6567e-01  -1.8500e-03  -1.0000e-03  -2.9500e-03   3.0000e-03 0
   108   2.1425e-02  -4.3500e-02   9.6862e-01   1.8500e-03   1.0000e-03  -2.9500e-03   3.0000e-03 0
   109   2.3275e-02  -4.2500e-02   9.6567e-01   1.8500e-03   1.0000e-03  -2.9500e-03   3.0000e-03 0
   110   4.3600e-02   2.6450e-02   9.6063e-01  -1.2000e-03   1.9000e-03  -3.1500e-03   3.0000e-03 0
   111   4.2400e-02   2.8350e-02   9.5747e-01  -1.2000e-03   1.9000e-03  -3.1500e-03   3.0000e-03 0
   112  -4.3600e-02  -2.6450e-02   9.6063e-01   1.2000e-03  -1.9000e-03  -3.1500e-03   3.0000e-03 0
   113  -4.2400e-02  -2.8350e-02   9.5747e-01   1.2000e-03  -1.9000e-03  -3.1500e-03   3.0000e-03 0
   114  -2.5100e-02   4.1425e-02   9.6270e-01  -1.8000e-03  -1.1500e-03  -3.0000e-03   3.0000e-03 0
   115  -2.6900e-02   4.0275e-02   9.5970e-01  -1.8000e-03  -1.1500e-03  -3.0000e-03   3.0000e-03 0
   116   2.5100e-02  -4.1425e-02   9.6270e-01   1.8000e-03   1.1500e-03  -3.0000e-03   3.0000e-03 0
   117   2.6900e-02  -4.0275e-02   9.5970e-01   1.8000e-03   1.1500e-03  -3.0000e-03   3.0000e-03 0
   118   4.1125e-02   3.0175e-02   9.5432e-01  -1.3500e-03   1.7500e-03  -3.1500e-03   3.0000e-03 0
   119   3.9775e-02   3.1925e-02   9.5117e-01  -1.3500e-03   1.7500e-03  -3.1500e-03   3.0000e-03 0
   120  -4.1125e-02  -3.0175e-02   9.5432e-01   1.3500e-03  -1.7500e-03  -3.1500e-03   3.0000e-03 0
   121  -3.9775e-02  -3.1925e-02   9.5117e-01   1.3500e-03  -1.7500e-03  -3.1500e-03   3.0000e-03 0
   122  -2.8650e-02   3.9075e-02   9.5670e-01  -1.7000e-03  -1.2500e-03  -3.0000e-03   3.0000e-03 0
   123  -3.0350e-02   3.7825e-02   9.5370e-01  -1.7000e-03  -1.2500e-03  -3.0000e-03   3.0000e-03 0
   124   2.8650e-02  -3.9075e-02   9.5670e-01   1.7000e-03   1.2500e-03  -3.0000e-03   3.0000e-03 0
   125   3.0350e-02  -3.7825e-02   9.5370e-01   1.7000e-03   1.2500e-03  -3.0000e-03   3.0000e-03 0
   126   3.8350e-02   3.3625e-02   9.4803e-01  -1.5000e-03   1.6500e-03  -3.1500e-03   3.0000e-03 0
   127   3.6850e-02   3.5275e-02   9.4488e-01  -1.5000e-03   1.6500e-03  -3.1500e-03   3.0000e-03 0
   128  -3.8350e-02  -3.3625e-02   9.4803e-01   1.5000e-03  -1.6500e-03  -3.1500e-03   3.0000e-03 0
   129  -3.6850e-02  -3.5275e-02   9.4488e-01   1.5000e-03  -1.6500e-03  -3.1500e-03   3.0000e-03 0
   130  -3.1975e-02   3.6475e-02   9.5073e-01  -1.5500e-03  -1.4500e-03  -2.9500e-03   3.0000e-03 0
   131  -3.3525e-02   3.5025e-02   9.4778e-01  -1.5500e-03  -1.4500e-03  -2.9500e-03   3.0000e-03 0
   132   3.1975e-02  -3.6475e-02   9.5073e-01   1.5500e-03   1.4500e-03  -2.9500e-03   3.0000e-03 0
   133   3.3525e-02  -3.5025e-02   9.4778e-01   1.5500e-03   1.4500e-03  -2.9500e-03   3.0000e-03 0
   134   3.5275e-02   3.6850e-02   9.4170e-01  -1.6500e-03   1.5000e-03  -3.2000e-03   3.0000e-03 0
   135   3.3625e-02   3.8350e-02   9.3850e-01  -1.6500e-03   1.5000e-03  -3.2000e-03   3.0000e-03 0
   136  -3.5275e-02  -3.6850e-02   9.4170e-01   1.6500e-03  -1.5000e-03  -3.2000e-03   3.0000e-03 0
   137  -3.3625e-02  -3.8350e-02   9.3850e-01   1.6500e-03  -1.5000e-03  -3.2000e-03   3.0000e-03 0
   138  -3.5025e-02   3.3525e-02   9.4480e-01  -1.4500e-03  -1.5500e-03  -3.0000e-03   3.0000e-03 0
   139  -3.6475e-02   3.1975e-02   9.4180e-01  -1.4500e-03  -1.5500e-03  -3.0000e-03   3.0000e-03 0
   140   3.5025e-02  -3.3525e-02   9.4480e-01   1.4500e-03   1.5500e-03  -3.0000e-03   3.0000e-03 0
   141   3.6475e-02  -3.1975e-02   9.4180e-01   1.4500e-03   1.5500e-03  -3.0000e-03   3.0000e-03 0
   142   3.1925e-02   3.9775e-02   9.3532e-01  -1.7500e-03   1.3500e-03  -3.1500e-03   3.0000e-03 0
   143   3.0175e-02   4.1125e-02   9.3217e-01  -1.7500e-03   1.3500e-03  -3.1500e-03   3.0000e-03 0
   144  -3.1925e-02  -3.9775e-02   9.3532e-01   1.7500e-03  -1.3500e-03  -3.1500e-03   3.0000e-03 0
   145  -3.0175e-02  -4.1125e-02   9.3217e-01   1.7500e-03  -1.3500e-03  -3.1500e-03   3.0000e-03 0
   146  -3.7825e-02   3.0350e-02   9.3880e-01  -1.2500e-03  -1.7000e-03  -3.0000e-03   3.0000e-03 0
   147  -3.9075e-02   2.8650e-02   9.3580e-01  -1.2500e-03  -1.7000e-03  -3.0000e-03   3.0000e-03 0
   148   3.7825e-02  -3.0350e-02   9.3880e-01   1.2500e-03   1.7000e-03  -3.0000e-03   3.0000e-03 0
   149   3.9075e-02  -2.8650e-02   9.3580e-01   1.2500e-03   1.7000e-03  -3.0000e-03   3.0000e-03 0
   150   2.8350e-02   4.2400e-02   9.2902e-01  -1.9000e-03   1.2000e-03  -3.1500e-03   3.0000e-03 0
   151   2.6450e-02   4.3600e-02   9.2588e-01  -1.9000e-03   1.2000e-03  -3.1500e-03   3.0000e-03 0
   152  -2.8350e-02  -4.2400e-02   9.2902e-01   1.9000e-03  -1.2000e-03  -3.1500e-03   3.0000e-03 0
   153  -2.6450e-02  -4.3600e-02   9.2588e-01   1.9000e-03  -1.2000e-03  -3.1500e-03   3.0000e-03 0
   154  -4.0275e-02   2.6925e-02   9.3280e-01  -1.1500e-03  -1.7500e-03  -3.0000e-03   3.0000e-03 0
   155  -4.1425e-02   2.5175e-02   9.2980e-01  -1.1500e-03  -1.7500e-03  -3.0000e-03   3.0000e-03 0
   156   4.0275e-02  -2.6925e-02   9.3280e-01   1.1500e-03   1.7500e-03  -3.0000e-03   3.0000e-03 0
   157   4.1425e-02  -2.5175e-02   9.2980e-01   1.1500e-03   1.7500e-03  -3.0000e-03   3.0000e-03 0
   158   2.4525e-02   4.4700e-02   9.2273e-01  -1.9500e-03   1.0000e-03  -3.1500e-03   3.0000e-03 0
   159   2.2575e-02   4.5700e-02   9.1958e-01  -1.9500e-03   1.0000e-03  -3.1500e-03   3.0000e-03 0
   160  -2.4525e-02  -4.4700e-02   9.2273e-01   1.9500e-03  -1.0000e-03  -3.1500e-03   3.0000e-03 0
   161  -2.2575e-02  -4.5700e-02   9.1958e-01   1.9500e-03  -1.0000e-03  -3.1500e-03   3.0000e-03 0
   162  -4.2500e-02   2.3350e-02   9.2683e-01  -1.0000e-03  -1.9000e-03  -2.9500e-03   3.0000e-03 0
   163  -4.3500e-02   2.1450e-02   9.2388e-01  -1.0000e-03  -1.9000e-03  -2.9500e-03   3.0000e-03 0
   164   4.2500e-02  -2.3350e-02   9.2683e-01   1.0000e-03   1.9000e-03  -2.9500e-03   3.0000e-03 0
   165   4.3500e-02  -2.1450e-02   9.2388e-01   1.0000e-03   1.9000e-03  -2.9500e-03   3.0000e-03 0
   166   2.0550e-02   4.6625e-02   9.1643e-01  -2.1000e-03   8.5000e-04  -3.1500e-03   3.0000e-03 0
   167   1.8450e-02   4.7475e-02   9.1327e-01  -2.1000e-03   8.5000e-04  -3.1500e-03   3.0000e-03 0
   168  -2.0550e-02  -4.6625e-02   9.1643e-01   2.1000e-03  -8.5000e-04  -3.1500e-03   3.0000e-03 0
   169  -1.8450e-02  -4.7475e-02   9.1327e-01   2.1000e-03  -8.5000e-04  -3.1500e-03   3.0000e-03 0
   170  -4.4400e-02   1.9525e-02   9.2090e-01  -8.0000e-04  -1.9500e-03  -3.0000e-03   3.0000e-03 0
   171  -4.5200e-02   1.7575e-02   9.1790e-01  -8.0000e-04  -1.9500e-03  -3.0000e-03   3.0000e-03 0
   172   4.4400e-02  -1.9525e-02   9.2090e-01   8.0000e-04   1.9500e-03  -3.0000e-03   3.0000e-03 0
   173   4.5200e-02  -1.7575e-02   9.1790e-01   8.0000e-04   1.9500e-03  -3.0000e-03   3.0000e-03 0
   174   1.6350e-02   4.8250e-02   9.1012e-01  -2.1000e-03   7.0000e-04  -3.1500e-03   3.0000e-03 0
   175   1.4250e-02   4.8950e-02   9.0697e-01  -2.1000e-03   7.0000e-04  -3.1500e-03   3.0000e-03 0
   176  -1.6350e-02  -4.8250e-02   9.1012e-01   2.1000e-03  -7.0000e-04  -3.1500e-03   3.0000e-03 0
   177  -1.4250e-02  -4.8950e-02   9.0697e-01   2.1000e-03  -7.0000e-04  -3.1500e-03   3.0000e-03 0
   178  -4.5900e-02   1.5600e-02   9.1490e-01  -6.0000e-04  -2.0000e-03  -3.0000e-03   3.0000e-03 0
   179  -4.6500e-02   1.3600e-02   9.1190e-01  -6.0000e-04  -2.0000e-03  -3.0000e-03   3.0000e-03 0
   180   4.5900e-02  -1.5600e-02   9.1490e-01   6.0000e-04   2.0000e-03  -3.0000e-03   3.0000e-03 0
   181   4.6500e-02  -1.3600e-02   9.1190e-01   6.0000e-04   2.0000e-03  -3.0000e-03   3.0000e-03 0
   182   1.2125e-02   4.9525e-02   9.0382e-01  -2.1500e-03   4.5000e-04  -3.1500e-03   3.0000e-03 0
   183   9.9750e-03   4.9975e-02   9.0068e-01  -2.1500e-03   4.5000e-04  -3.1500e-03   3.0000e-03 0
   184  -1.2125e-02  -4.9525e-02   9.0382e-01   2.1500e-03  -4.5000e-04  -3.1500e-03   3.0000e-03 0
   185  -9.9750e-03  -4.9975e-02   9.0068e-01   2.1500e-03  -4.5000e-04  -3.1500e-03   3.0000e-03 0
   186  -4.7050e-02   1.1550e-02   9.0890e-01  -5.0000e-04  -2.1000e-03  -3.0000e-03   3.0000e-03 0
   187  -4.7550e-02   9.4500e-03   9.0590e-01  -5.0000e-04  -2.1000e-03  -3.0000e-03   3.0000e-03 0
   188   4.7050e-02  -1.1550e-02   9.0890e-01   5.0000e-04   2.1000e-03  -3.0000e-03   3.0000e-03 0
   189   4.7550e-02  -9.4500e-03   9.0590e-01   5.0000e-04   2.1000e-03  -3.0000e-03   3.0000e-03 0
   190   7.7750e-03   5.0350e-02   8.9753e-01  -2.2500e-03   3.0000e-04  -3.1500e-03   3.0000e-03 0
   191   5.5250e-03   5.0650e-02   8.9438e-01  -2.2500e-03   3.0000e-04  -3.1500e-03   3.0000e-03 0
   192  -7.7750e-03  -5.0350e-02   8.9753e-01   2.2500e-03  -3.0000e-04  -3.1500e-03   3.0000e-03 0
   193  -5.5250e-03  -5.0650e-02   8.9438e-01   2.2500e-03  -3.0000e-04  -3.1500e-03   3.0000e-03 0
   194  -4.7925e-02   7.3500e-03   9.0292e-01  -2.5000e-04  -2.1000e-03  -2.9500e-03   3.0000e-03 0
   195  -4.8175e-02   5.2500e-03   8.9997e-01  -2.5000e-04  -2.1000e-03  -2.9500e-03   3.0000e-03 0
   196   4.7925e-02  -7.3500e-03   9.0292e-01   2.5000e-04   2.1000e-03  -2.9500e-03   3.0000e-03 0
   197   4.8175e-02  -5.2500e-03   8.9997e-01   2.5000e-04   2.1000e-03  -2.9500e-03   3.0000e-03 0
   198   3.3000e-03   5.0850e-02   8.9123e-01  -2.2000e-03   1.0000e-04  -3.1500e-03   3.0000e-03 0
   199   1.1000e-03   5.0950e-02   8.8807e-01  -2.2000e-03   1.0000e-04  -3.1500e-03   3.0000e-03 0
   200  -3.3000e-03  -5.0850e-02   8.9123e-01   2.2000e-03  -1.0000e-04  -3.1500e-03   3.0000e-03 0
   201  -1.1000e-03  -5.0950e-02   8.8807e-01   2.2000e-03  -1.0000e-04  -3.1500e-03   3.0000e-03 0
   202  -4.8350e-02   3.1500e-03   8.9700e-01  -1.0000e-04  -2.1000e-03  -3.0000e-03   3.0000e-03 0
   203  -4.8450e-02   1.0500e-03   8.9400e-01  -1.0000e-04  -2.1000e-03  -3.0000e-03   3.0000e-03 0
   204   4.8350e-02  -3.1500e-03   8.9700e-01   1.0000e-04   2.1000e-03  -3.0000e-03   3.0000e-03 0
   205   4.8450e-02  -1.0500e-03   8.9400e-01   1.0000e-04   2.1000e-03  -3.0000e-03   3.0000e-03 0
   206  -1.1000e-03   5.0950e-02   8.8492e-01  -2.2000e-03  -1.0000e-04  -3.1500e-03   3.0000e-03 0
   207  -3.3000e-03   5.0850e-02   8.8177e-01  -2.2000e-03  -1.0000e-04  -3.1500e-03   3.0000e-03 0
   208   1.1000e-03  -5.0950e-02   8.8492e-01   2.2000e-03   1.0000e-04  -3.1500e-03   3.0000e-03 0
   209   3.3000e-03  -5.0850e-02   8.8177e-01   2.2000e-03   1.0000e-04  -3.1500e-03   3.0000e-03 0
   210  -4.8450e-02  -1.0500e-03   8.9100e-01   1.0000e-04  -2.1000e-03  -3.0000e-03   3.0000e-03 0
   211  -4.8350e-02  -3.1500e-03   8.8800e-01   1.0000e-04  -2.1000e-03  -3.0000e-03   3.0000e-03 0
   212   4.8450e-02   1.0500e-03   8.9100e-01  -1.0000e-04   2.1000e-03  -3.0000e-03   3.0000e-03 0
   213   4.8350e-02   3.1500e-03   8.8800e-01  -1.0000e-04   2.1000e-03  -3.0000e-03   3.0000e-03 0
   214  -5.5250e-03   5.0650e-02   8.7862e-01  -2.2500e-03  -3.0000e-04  -3.1500e-03   3.0000e-03 0
   215  -7.7750e-03   5.0350e-02   8.7548e-01  -2.2500e-03  -3.0000e-04  -3.1500e-03   3.0000e-03 0
   216   5.5250e-03  -5.0650e-02   8.7862e-01   2.2500e-03   3.0000e-04  -3.1500e-03   3.0000e-03 0
   217   7.7750e-03  -5.0350e-02   8.7548e-01   2.2500e-03   3.0000e-04  -3.1500e-03   3.0000e-03 0
   218  -4.8175e-02  -5.2500e-03   8.8502e-01   2.5000e-04  -2.1000e-03  -2.9500e-03   3.0000e-03 0
   219  -4.7925e-02  -7.3500e-03   8.8208e-01   2.5000e-04  -2.1000e-03  -2.9500e-03   3.0000e-03 0
   220   4.8175e-02   5.2500e-03   8.8502e-01  -2.5000e-04   2.1000e-03  -2.9500e-03   3.0000e-03 0
   221   4.7925e-02   7.3500e-03   8.8208e-01  -2.5000e-04   2.1000e-03  -2.9500e-03   3.0000e-03 0
   222  -9.9750e-03   4.9975e-02   8.7233e-01  -2.1500e-03  -4.5000e-04  -3.1500e-03   3.0000e-03 0
   223  -1.2125e-02   4.9525e-02   8.6918e-01  -2.1500e-03  -4.5000e-04  -3.1500e-03   3.0000e-03 0
   224   9.9750e-03  -4.9975e-02   8.7233e-01   2.1500e-03   4.5000e-04  -3.1500e-03   3.0000e-03 0
   225   1.2125e-02  -4.9525e-02   8.6918e-01   2.1500e-03   4.5000e-04  -3.1500e-03   3.0000e-03 0
   226  -4.7550e-02  -9.4500e-03   8.7910e-01   5.0000e-04  -2.1000e-03  -3.0000e-03   3.0000e-03 0
   227  -4.7050e-02  -1.1550e-02   8.7610e-01   5.0000e-04  -2.1000e-03  -3.0000e-03   3.0000e-03 0
   228   4.7550e-02   9.4500e-03   8.7910e-01  -5.0000e-04   2.1000e-03  -3.0000e-03   3.0000e-03 0
   229   4.7050e-02   1.1550e-02   8.7610e-01  -5.0000e-04   2.1000e-03  -3.0000e-03   3.0000e-03 0
   230  -1.4250e-02   4.8950e-02   8.6603e-01  -2.1000e-03  -7.0000e-04  -3.1500e-03   3.0000e-03 0
   231  -1.6350e-02   4.8250e-02   8.6287e-01  -2.1000e-03  -7.0000e-04  -3.1500e-03   3.0000e-03 0
   232   1.4250e-02  -4.8950e-02   8.6603e-01   2.1000e-03   7.0000e-04  -3.1500e-03   3.0000e-03 0
   233   1.6350e-02  -4.8250e-02   8.6287e-01   2.1000e-03   7.0000e-04  -3.1500e-03   3.0000e-03 0
   234  -4.6500e-02  -1.3600e-02   8.7310e-01   6.0000e-04  -2.0000e-03  -3.0000e-03   3.0000e-03 0
   235  -4.5900e-02  -1.5600e-02   8.7010e-01   6.0000e-04  -2.0000e-03  -3.0000e-03   3.0000e-03 0
   236   4.6500e-02   1.3600e-02   8.7310e-01  -6.0000e-04   2.0000e-03  -3.0000e-03   3.0000e-03 0
   237   4.5900e-02   1.5600e-02   8.7010e-01  -6.0000e-04   2.0000e-03  -3.0000e-03   3.0000e-03 0
   238  -1.8450e-02   4.7475e-02   8.5972e-01  -2.1000e-03  -8.5000e-04  -3.1500e-03   3.0000e-03 0
   239  -2.0550e-02   4.6625e-02   8.5657e-01  -2.1000e-03  -8.5000e-04  -3.1500e-03   3.0000e-03 0
   240   1.8450e-02  -4.7475e-02   8.5972e-01   2.1000e-03   8.5000e-04  -3.1500e-03   3.0000e-03 0
   241   2.0550e-02  -4.6625e-02   8.5657e-01   2.1000e-03   8.5000e-04  -3.1500e-03   3.0000e-03 0
   242  -4.5200e-02  -1.7575e-02   8.6710e-01   8.0000e-04  -1.9500e-03  -3.0000e-03   3.0000e-03 0
   243  -4.4400e-02  -1.9525e-02   8.6410e-01   8.0000e-04  -1.9500e-03  -3.0000e-03   3.0000e-03 0
   244   4.5200e-02   1.7575e-02   8.6710e-01  -8.0000e-04   1.9500e-03  -3.0000e-03   3.0000e-03 0
   245   4.4400e-02   1.9525e-02   8.6410e-01  -8.0000e-04   1.9500e-03  -3.0000e-03   3.0000e-03 0
   246  -2.2575e-02   4.5700e-02   8.5342e-01  -1.9500e-03  -1.0000e-03  -3.1500e-03   3.0000e-03 0
   247  -2.4525e-02   4.4700e-02   8.5028e-01  -1.9500e-03  -1.0000e-03  -3.1500e-03   3.0000e-03 0
   248   2.2575e-02  -4.5700e-02   8.5342e-01   1.9500e-03   1.0000e-03  -3.1500e-03   3.0000e-03 0
   249   2.4525e-02  -4.4700e-02   8.5028e-01   1.9500e-03   1.0000e-03  -3.1500e-03   3.0000e-03 0
   250  -4.3500e-02  -2.1425e-02   8.6113e-01   1.0000e-03  -1.8500e-03  -2.9500e-03   3.0000e-03 0
   251  -4.2500e-02  -2.3275e-02   8.5818e-01   1.0000e-03  -1.8500e-03  -2.9500e-03   3.0000e-03 0
   252   4.3500e-02   2.1425e-02   8.6113e-01  -1.0000e-03   1.8500e-03  -2.9500e-03   3.0000e-03 0
   253   4.2500e-02   2.3275e-02   8.5818e-01  -1.0000e-03   1.8500e-03  -2.9500e-03   3.0000e-03 0
   254  -2.6450e-02   4.3600e-02   8.4713e-01  -1.9000e-03  -1.2000e-03  -3.1500e-03   3.0000e-03 0
   255  -2.8350e-02   4.2400e-02   8.4398e-01  -1.9000e-03  -1.2000e-03  -3.1500e-03   3.0000e-03 0
   256   2.6450e-02  -4.3600e-02   8.4713e-01   1.9000e-03   1.2000e-03  -3.1500e-03   3.0000e-03 0
   257   2.8350e-02  -4.2400e-02   8.4398e-01   1.9000e-03   1.2000e-03  -3.1500e-03   3.0000e-03 0
   258  -4.1425e-02  -2.5100e-02   8.5520e-01   1.1500e-03  -1.8000e-03  -3.0000e-03   3.0000e-03 0
   259  -4.0275e-02  -2.6900e-02   8.5220e-01   1.1500e-03  -1.8000e-03  -3.0000e-03   3.0000e-03 0
   260   4.1425e-02   2.5100e-02   8.5520e-01  -1.1500e-03   1.8000e-03  -3.0000e-03   3.0000e-03 0
   261   4.0275e-02   2.6900e-02   8.5220e-01  -1.1500e-03   1.8000e-03  -3.0000e-03   3.0000e-03 0
   262  -3.0175e-02   4.1125e-02   8.4083e-01  -1.7500e-03  -1.3500e-03  -3.1500e-03   3.0000e-03 0
   263  -3.1925e-02   3.9775e-02   8.3767e-01  -1.7500e-03  -1.3500e-03  -3.1500e-03   3.0000e-03 0
   264   3.0175e-02  -4.1125e-02   8.4083e-01   1.7500e-03   1.3500e-03  -3.1500e-03   3.0000e-03 0
   265   3.1925e-02  -3.9775e-02   8.3767e-01   1.7500e-03   1.3500e-03  -3.1500e-03   3.0000e-03 0
   266  -3.9075e-02  -2.8650e-02   8.4920e-01   1.2500e-03  -1.7000e-03  -3.0000e-03   3.0000e-03 0
   267  -3.7825e-02  -3.0350e-02   8.4620e-01   1.2500e-03  -1.7000e-03  -3.0000e-03   3.0000e-03 0
   268   3.9075e-02   2.8650e-02   8.4920e-01  -1.2500e-03   1.7000e-03  -3.0000e-03   3.0000e-03 0
   269   3.7825e-02   3.0350e-02   8.4620e-01  -1.2500e-03   1.7000e-03  -3.0000e-03   3.0000e-03 0
   270  -3.3625e-02   3.8350e-02   8.3450e-01  -1.6500e-03  -1.5000e-03  -3.2000e-03   3.0000e-03 0
   271  -3.5275e-02   3.6850e-02   8.3130e-01  -1.6500e-03  -1.5000e-03  -3.2000e-03   3.0000e-03 0
   272   3.3625e-02  -3.8350e-02   8.3450e-01   1.6500e-03   1.5000e-03  -3.2000e-03   3.0000e-03 0
   273   3.5275e-02  -3.6850e-02   8.3130e-01   1.6500e-03   1.5000e-03  -3.2000e-03   3.0000e-03 0
   274  -3.6475e-02  -3.1975e-02   8.4320e-01   1.4500e-03  -1.5500e-03  -3.0000e-03   3.0000e-03 0
   275  -3.5025e-02  -3.3525e-02   8.4020e-01   1.4500e-03  -1.5500e-03  -3.0000e-03   3.0000e-03 0
   276   3.6475e-02   3.1975e-02   8.4320e-01  -1.4500e-03   1.5500e-03  -3.0000e-03   3.0000e-03 0
   277   3.5025e-02   3.3525e-02   8.4020e-01  -1.4500e-03   1.5500e-03  -3.0000e-03   3.0000e-03 0
   278  -3.6850e-02   3.5275e-02   8.2813e-01  -1.5000e-03  -1.6500e-03  -3.1500e-03   3.0000e-03 0
   279  -3.8350e-02   3.3625e-02   8.2498e-01  -1.5000e-03  -1.6500e-03  -3.1500e-03   3.0000e-03 0
   280   3.6850e-02  -3.5275e-02   8.2813e-01   1.5000e-03   1.6500e-03  -3.1500e-03   3.0000e-03 0
   281   3.8350e-02  -3.3625e-02   8.2498e-01   1.5000e-03   1.6500e-03  -3.1500e-03   3.0000e-03 0
   282  -3.3525e-02  -3.5025e-02   8.3722e-01   1.5500e-03  -1.4500e-03  -2.9500e-03   3.0000e-03 0
   283  -3.1975e-02  -3.6475e-02   8.3427e-01   1.5500e-03  -1.4500e-03  -2.9500e-03   3.0000e-03 0
   284   3.3525e-02   3.5025e-02   8.3722e-01  -1.5500e-03   1.4500e-03  -2.9500e-03   3.0000e-03 0
   285   3.1975e-02   3.6475e-02   8.3427e-01  -1.5500e-03   1.4500e-03  -2.9500e-03   3.0000e-03 0
   286  -3.9775e-02   3.1925e-02   8.2183e-01  -1.3500e-03  -1.7500e-03  -3.1500e-03   3.0000e-03 0
   287  -4.1125e-02   3.0175e-02   8.1868e-01  -1.3500e-03  -1.7500e-03  -3.1500e-03   3.0000e-03 0
   288   3.9775e-02  -3.1925e-02   8.2183e-01   1.3500e-03   1.7500e-03  -3.1500e-03   3.0000e-03 0
   289   4.1125e-02  -3.0175e-02   8.1868e-01   1.3500e-03   1.7500e-03  -3.1500e-03   3.0000e-03 0
   290  -3.0350e-02  -3.7825e-02   8.3130e-01   1.7000e-03  -1.2500e-03  -3.0000e-03   3.0000e-03 0
   291  -2.8650e-02  -3.9075e-02   8.2830e-01   1.7000e-03  -1.2500e-03  -3.0000e-03   3.0000e-03 0
   292   3.0350e-02   3.7825e-02   8.3130e-01  -1.7000e-03   1.2500e-03  -3.0000e-03   3.0000e-03 0
   293   2.8650e-02   3.9075e-02   8.2830e-01  -1.7000e-03   1.2500e-03  -3.0000e-03   3.0000e-03 0
   294  -4.2400e-02   2.8350e-02   8.1553e-01  -1.2000e-03  -1.9000e-03  -3.1500e-03   3.0000e-03 0
   295  -4.3600e-02   2.6450e-02   8.1237e-01  -1.2000e-03  -1.9000e-03  -3.1500e-03   3.0000e-03 0
   296   4.2400e-02  -2.8350e-02   8.1553e-01   1.2000e-03   1.9000e-03  -3.1500e-03   3.0000e-03 0
   297   4.3600e-02  -2.6450e-02   8.1237e-01   1.2000e-03   1.9000e-03  -3.1500e-03   3.0000e-03 0
   298  -2.6925e-02  -4.0275e-02   8.2530e-01   1.7500e-03  -1.1500e-03  -3.0000e-03   3.0000e-03 0
   299  -2.5175e-02  -4.1425e-02   8.2230e-01   1.7500e-03  -1.1500e-03  -3.0000e-03   3.0000e-03 0
   300   2.6925e-02   4.0275e-02   8.2530e-01  -1.7500e-03   1.1500e-03  -3.0000e-03   3.0000e-03 0
   301   2.5175e-02   4.1425e-02   8.2230e-01  -1.7500e-03   1.1500e-03  -3.0000e-03   3.0000e-03 0
   302  -4.4700e-02   2.4525e-02   8.0922e-01  -1.0000e-03  -1.9500e-03  -3.1500e-03   3.0000e-03 0
   303  -4.5700e-02   2.2575e-02   8.0607e-01  -1.0000e-03  -1.9500e-03  -3.1500e-03   3.0000e-03 0
   304   4.4700e-02  -2.4525e-02   8.0922e-01   1.0000e-03   1.9500e-03  -3.1500e-03   3.0000e-03 0
   305   4.5700e-02  -2.2575e-02   8.0607e-01   1.0000e-03   1.9500e-03  -3.1500e-03   3.0000e-03 0
   306  -2.3350e-02  -4.2500e-02   8.1932e-01   1.9000e-03  -1.0000e-03  -2.9500e-03   3.0000e-03 0
   307  -2.1450e-02  -4.3500e-02   8.1637e-01   1.9000e-03  -1.0000e-03  -2.9500e-03   3.0000e-03 0
   308   2.3350e-02   4.2500e-02   8.1932e-01  -1.9000e-03   1.0000e-03  -2.9500e-03   3.0000e-03 0
   309   2.1450e-02   4.3500e-02   8.1637e-01  -1.9000e-03   1.0000e-03  -2.9500e-03   3.0000e-03 0
   310  -4.6625e-02   2.0550e-02   8.0292e-01  -8.5000e-04  -2.1000e-03  -3.1500e-03   3.0000e-03 0
   311  -4.7475e-02   1.8450e-02   7.9978e-01  -8.5000e-04  -2.1000e-03  -3.1500e-03   3.0000e-03 0
   312   4.6625e-02  -2.0550e-02   8.0292e-01   8.5000e-04   2.1000e-03  -3.1500e-03   3.0000e-03 0
   313   4.7475e-02  -1.8450e-02   7.9978e-01   8.5000e-04   2.1000e-03  -3.1500e-03   3.0000e-03 0
   314  -1.9525e-02  -4.4400e-02   8.1340e-01   1.9500e-03  -8.0000e-04  -3.0000e-03   3.0000e-03 0
   315  -1.7575e-02  -4.5200e-02   8.1040e-01   1.9500e-03  -8.0000e-04  -3.0000e-03   3.0000e-03 0
   316   1.9525e-02   4.4400e-02   8.1340e-01  -1.9500e-03   8.0000e-04  -3.0000e-03   3.0000e-03 0
   317   1.7575e-02   4.5200e-02   8.1040e-01  -1.9500e-03   8.0000e-04  -3.0000e-03   3.0000e-03 0
   318  -4.8250e-02   1.6350e-02   7.9663e-01  -7.0000e-04  -2.1000e-03  -3.1500e-03   3.0000e-03 0
   319  -4.8950e-02   1.4250e-02   7.9348e-01  -7.0000e-04  -2.1000e-03  -3.1500e-03   3.0000e-03 0
   320   4.8250e-02  -1.6350e-02   7.9663e-01   7.0000e-04   2.1000e-03  -3.1500e-03   3.0000e-03 0
   321   4.8950e-02  -1.4250e-02   7.9348e-01   7.0000e-04   2.1000e-03  -3.1500e-03   3.0000e-03 0
   322  -1.5600e-02  -4.5900e-02   8.0740e-01   2.0000e-03  -6.0000e-04  -3.0000e-03   3.0000e-03 0
   323  -1.3600e-02  -4.6500e-02   8.0440e-01   2.0000e-03  -6.0000e-04  -3.0000e-03   3.0000e-03 0
   324   1.5600e-02   4.5900e-02   8.0740e-01  -2.0000e-03   6.0000e-04  -3.0000e-03   3.0000e-03 0
   325   1.3600e-02   4.6500e-02   8.0440e-01  -2.0000e-03   6.0000e-04  -3.0000e-03   3.0000e-03 0
   326  -4.9525e-02   1.2125e-02   7.9033e-01  -4.5000e-04  -2.1500e-03  -3.1500e-03   3.0000e-03 0
   327  -4.9975e-02   9.9750e-03   7.8717e-01  -4.5000e-04  -2.1500e-03  -3.1500e-03   3.0000e-03 0
   328   4.9525e-02  -1.2125e-02   7.9033e-01   4.5000e-04   2.1500e-03  -3.1500e-03   3.0000e-03 0
   329   4.9975e-02  -9.9750e-03   7.8717e-01   4.5000e-04   2.1500e-03  -3.1500e-03   3.0000e-03 0
   330  -1.1550e-02  -4.7050e-02   8.0140e-01   2.1000e-03  -5.0000e-04  -3.0000e-03   3.0000e-03 0
   331  -9.4500e-03  -4.7550e-02   7.9840e-01   2.1000e-03  -5.0000e-04  -3.0000e-03   3.0000e-03 0
   332   1.1550e-02   4.7050e-02   8.0140e-01  -2.1000e-03   5.0000e-04  -3.0000e-03   3.0000e-03 0
   333   9.4500e-03   4.7550e-02   7.9840e-01  -2.1000e-03   5.0000e-04  -3.0000e-03   3.0000e-03 0
   334  -5.0350e-02   7.7750e-03   7.8402e-01  -3.0000e-04  -2.2500e-03  -3.1500e-03   3.0000e-03 0
   335  -5.0650e-02   5.5250e-03   7.8087e-01  -3.0000e-04  -2.2500e-03  -3.1500e-03   3.0000e-03 0
   336   5.0350e-02  -7.7750e-03   7.8402e-01   3.0000e-04   2.2500e-03  -3.1500e-03   3.0000e-03 0
   337   5.0650e-02  -5.5250e-03   7.8087e-01   3.0000e-04   2.2500e-03  -3.1500e-03   3.0000e-03 0
   338  -7.3500e-03  -4.7925e-02   7.9543e-01   2.1000e-03  -2.5000e-04  -2.9500e-03   3.0000e-03 0
   339  -5.2500e-03  -4.8175e-02   7.9248e-01   2.1000e-03  -2.5000e-04  -2.9500e-03   3.0000e-03 0
   340   7.3500e-03   4.7925e-02   7.9543e-01  -2.1000e-03   2.5000e-04  -2.9500e-03   3.0000e-03 0
   341   5.2500e-03   4.8175e-02   7.9248e-01  -2.1000e-03   2.5000e-04  -2.9500e-03   3.0000e-03 0
   342  -5.0850e-02   3.3000e-03   7.7772e-01  -1.0000e-04  -2.2000e-03  -3.1500e-03   3.0000e-03 0
   343  -5.0950e-02   1.1000e-03   7.7458e-01  -1.0000e-04  -2.2000e-03  -3.1500e-03   3.0000e-03 0
   344   5.0850e-02  -3.3000e-03   7.7772e-01   1.0000e-04   2.2000e-03  -3.1500e-03   3.0000e-03 0
   345   5.0950e-02  -1.1000e-03   7.7458e-01   1.0000e-04   2.2000e-03  -3.1500e-03   3.0000e-03 0
   346  -3.1500e-03  -4.8350e-02   7.8950e-01   2.1000e-03  -1.0000e-04  -3.0000e-03   3.0000e-03 0
   347  -1.0500e-03  -4.8450e-02   7.8650e-01   2.1000e-03  -1.0000e-04  -3.0000e-03   3.0000e-03 0
   348   3.1500e-03   4.8350e-02   7.8950e-01  -2.1000e-03   1.0000e-04  -3.0000e-03   3.0000e-03 0
   349   1.0500e-03   4.8450e-02   7.8650e-01  -2.1000e-03   1.0000e-04  -3.0000e-03   3.0000e-03 0
   350  -4.9500e-02   0.0000e+00   7.7300e-01   3.0000e-03   0.0000e+00   0.0000e+00   3.0000e-03 0
   351  -4.6500e-02   0.0000e+00   7.7300e-01   3.0000e-03   0.0000e+00   0.0000e+00   3.0000e-03 0
   352  -4.3500e-02   0.0000e+00   7.7300e-01   3.0000e-03   0.0000e+00   0.0000e+00   3.0000e-03 0
   353  -4.0500e-02   0.0000e+00   7.7300e-01   3.0000e-03   0.0000e+00  -1.1102e-16   3.0000e-03 0
   354  -3.7500e-02   0.0000e+00   7.7300e-01   3.0000e-03   0.0000e+00   1.1102e-16   3.0000e-03 0
   355  -3.4500e-02   0.0000e+00   7.7300e-01   3.0000e-03   0.0000e+00   0.0000e+00   3.0000e-03 0
   356  -3.1500e-02   0.0000e+00   7.7300e-01   3.0000e-03   0.0000e+00   0.0000e+00   3.0000e-03 0
   357  -2.8500e-02   0.0000e+00   7.7300e-01   3.0000e-03   0.0000e+00   0.0000e+00   3.0000e-03 0
   358  -2.5500e-02   0.0000e+00   7.7300e-01   3.0000e-03   0.0000e+00   1.1102e-16   3.0000e-03 0
   359  -2.2500e-02   0.0000e+00   7.7300e-01   3.0000e-03   0.0000e+00  -2.2204e-16   3.0000e-03 0
   360  -1.9500e-02   0.0000e+00   7.7300e-01   3.0000e-03   0.0000e+00   2.2204e-16   3.0000e-03 0
   361  -1.6500e-02   0.0000e+00   7.7300e-01   3.0000e-03   0.0000e+00  -2.2204e-16   3.0000e-03 0
   362  -1.3500e-02   0.0000e+00   7.7300e-01   3.0000e-03   0.0000e+00   1.1102e-16   3.0000e-03 0
   363  -1.0500e-02   0.0000e+00   7.7300e-01   3.0000e-03   0.0000e+00   0.0000e+00   3.0000e-03 0
   364  -7.5000e-03   0.0000e+00   7.7300e-01   3.0000e-03   0.0000e+00   0.0000e+00   3.0000e-03 0
   365  -4.5000e-03   0.0000e+00   7.7300e-01   3.0000e-03   0.0000e+00   0.0000e+00   3.0000e-03 0
   366  -1.5000e-03   0.0000e+00   7.7300e-01   3.0000e-03   0.0000e+00   0.0000e+00   3.0000e-03 0
   367   1.5000e-03   0.0000e+00   7.7300e-01   3.0000e-03   0.0000e+00   0.0000e+00   3.0000e-03 0
   368   4.5000e-03   0.0000e+00   7.7300e-01   3.0000e-03   0.0000e+00   0.0000e+00   3.0000e-03 0
   369   7.5000e-03   0.0000e+00   7.7300e-01   3.0000e-03   0.0000e+00   0.0000e+00   3.0000e-03 0
   370   1.0500e-02   0.0000e+00   7.7300e-01   3.0000e-03   0.0000e+00   0.0000e+00   3.0000e-03 0
   371   1.3500e-02   0.0000e+00   7.7300e-01   3.0000e-03   0.0000e+00   0.0000e+00   3.0000e-03 0
   372   1.6500e-02   0.0000e+00   7.7300e-01   3.0000e-03   0.0000e+00   0.0000e+00   3.0000e-03 0
   373   1.9500e-02   0.0000e+00   7.7300e-01   3.0000e-03   0.0000e+00   0.0000e+00   3.0000e-03 0
   374   2.2500e-02   0.0000e+00   7.7300e-01   3.0000e-03   0.0000e+00   0.0000e+00   3.0000e-03 0
   375   2.5500e-02   0.0000e+00   7.7300e-01   3.0000e-03   0.0000e+00   0.0000e+00   3.0000e-03 0
   376   2.8500e-02   0.0000e+00   7.7300e-01   3.0000e-03   0.0000e+00   0.0000e+00   3.0000e-03 0
   377   3.1500e-02   0.0000e+00   7.7300e-01   3.0000e-03   0.0000e+00   1.1102e-16   3.0000e-03 0
   378   3.4500e-02   0.0000e+00   7.7300e-01   3.0000e-03   0.0000e+00   0.0000e+00   3.0000e-03 0
   379   3.7500e-02   0.0000e+00   7.7300e-01   3.0000e-03   0.0000e+00  -1.1102e-16   3.0000e-03 0
   380   4.0500e-02   0.0000e+00   7.7300e-01   3.0000e-03   0.0000e+00   0.0000e+00   3.0000e-03 0
   381   4.3500e-02   0.0000e+00   7.7300e-01   3.0000e-03   0.0000e+00   0.0000e+00   3.0000e-03 0
   382   4.6500e-02   0.0000e+00   7.7300e-01   3.0000e-03   0.0000e+00   0.0000e+00   3.0000e-03 0
   383   4.9500e-02   0.0000e+00   7.7300e-01   3.0000e-03   0.0000e+00   0.0000e+00   3.0000e-03 0
   384   0.0000e+00  -4.6984e-02   7.8500e-01   0.0000e+00   3.0312e-03   0.0000e+00   3.0000e-03 0
   385   0.0000e+00  -4.3953e-02   7.8500e-01   0.0000e+00   3.0312e-03   0.0000e+00   3.0000e-03 0
   386   0.0000e+00  -4.0922e-02   7.8500e-01   0.0000e+00   3.0312e-03   0.0000e+00   3.0000e-03 0
   387   0.0000e+00  -3.7891e-02   7.8500e-01   0.0000e+00   3.0312e-03   0.0000e+00   3.0000e-03 0
   388   0.0000e+00  -3.4859e-02   7.8500e-01   0.0000e+00   3.0312e-03   0.0000e+00   3.0000e-03 0
   389   0.0000e+00  -3.1828e-02   7.8500e-01   0.0000e+00   3.0313e-03   0.0000e+00   3.0000e-03 0
   390   0.0000e+00  -2.8797e-02   7.8500e-01   0.0000e+00   3.0312e-03   0.0000e+00   3.0000e-03 0
   391   0.0000e+00  -2.5766e-02   7.8500e-01   0.0000e+00   3.0312e-03   0.0000e+00   3.0000e-03 0
   392   0.0000e+00  -2.2734e-02   7.8500e-01   0.0000e+00   3.0313e-03   0.0000e+00   3.0000e-03 0
   393   0.0000e+00  -1.9703e-02   7.8500e-01   0.0000e+00   3.0312e-03   0.0000e+00   3.0000e-03 0
   394   0.0000e+00  -1.6672e-02   7.8500e-01   0.0000e+00   3.0312e-03  -1.1102e-16   3.0000e-03 0
   395   0.0000e+00  -1.3641e-02   7.8500e-01   0.0000e+00   3.0313e-03   1.1102e-16   3.0000e-03 0
   396   0.0000e+00  -1.0609e-02   7.8500e-01   0.0000e+00   3.0312e-03   0.0000e+00   3.0000e-03 0
   397   0.0000e+00  -7.5781e-03   7.8500e-01   0.0000e+00   3.0312e-03   0.0000e+00   3.0000e-03 0
   398   0.0000e+00  -4.5469e-03   7.8500e-01   0.0000e+00   3.0312e-03   0.0000e+00   3.0000e-03 0
   399   0.0000e+00  -1.5156e-03   7.8500e-01   0.0000e+00   3.0312e-03   0.0000e+00   3.0000e-03 0
   400   0.0000e+00   1.5156e-03   7.8500e-01   0.0000e+00   3.0312e-03   0.0000e+00   3.0000e-03 0
   401   0.0000e+00   4.5469e-03   7.8500e-01   0.0000e+00   3.0312e-03   0.0000e+00   3.0000e-03 0
   402   0.0000e+00   7.5781e-03   7.8500e-01   0.0000e+00   3.0312e-03   0.0000e+00   3.0000e-03 0
   403   0.0000e+00   1.0609e-02   7.8500e-01   0.0000e+00   3.0312e-03   0.0000e+00   3.0000e-03 0
   404   0.0000e+00   1.3641e-02   7.8500e-01   0.0000e+00   3.0313e-03  -1.1102e-16   3.0000e-03 0
   405   0.0000e+00   1.6672e-02   7.8500e-01   0.0000e+00   3.0312e-03   1.1102e-16   3.0000e-03 0
   406   0.0000e+00   1.9703e-02   7.8500e-01   0.0000e+00   3.0312e-03   0.0000e+00   3.0000e-03 0
   407   0.0000e+00   2.2734e-02   7.8500e-01   0.0000e+00   3.0313e-03   0.0000e+00   3.0000e-03 0
   408   0.0000e+00   2.5766e-02   7.8500e-01   0.0000e+00   3.0312e-03   0.0000e+00   3.0000e-03 0
   409   0.0000e+00   2.8797e-02   7.8500e-01   0.0000e+00   3.0312e-03   0.0000e+00   3.0000e-03 0
   410   0.0000e+00   3.1828e-02   7.8500e-01   0.0000e+00   3.0313e-03   0.0000e+00   3.0000e-03 0
   411   0.0000e+00   3.4859e-02   7.8500e-01   0.0000e+00   3.0312e-03   0.0000e+00   3.0000e-03 0
   412   0.0000e+00   3.7891e-02   7.8500e-01   0.0000e+00   3.0312e-03   0.0000e+00   3.0000e-03 0
   413   0.0000e+00   4.0922e-02   7.8500e-01   0.0000e+00   3.0312e-03   0.0000e+00   3.0000e-03 0
   414   0.0000e+00   4.3953e-02   7.8500e-01   0.0000e+00   3.0312e-03   0.0000e+00   3.0000e-03 0
   415   0.0000e+00   4.6984e-02   7.8500e-01   0.0000e+00   3.0312e-03   0.0000e+00   3.0000e-03 0
