<<< OpenMOM Ver.1.7.0 >>>
No. of threads     = 16 (AVX)
Wed Sep  1 21:54:22 2021
Title = Amateur UHF saterllite QFH
No. of geometries  = 155
No. of elements    = 415
No. of feeds       = 1
No. of loads       = 0
No. of open ends   = 0
Ground             = YES
Memory size [MB]   = 1
No. of frequencies = 61
=== input impedance (Z0=50.0[ohm]) ===
  feed# = 1
    freq[Hz]   Rin[ohm]   Xin[ohm]    Gin[mS]    Bin[mS]   R.L.[dB]
   4.200e+08     22.261    -15.349     30.446     20.993     -7.348
   4.205e+08     22.662    -14.700     31.058     20.146     -7.562
   4.210e+08     23.082    -14.072     31.585     19.256     -7.784
   4.215e+08     23.516    -13.457     32.034     18.332     -8.013
   4.220e+08     23.955    -12.871     32.394     17.404     -8.246
   4.225e+08     24.409    -12.305     32.666     16.468     -8.485
   4.230e+08     24.873    -11.767     32.852     15.542     -8.728
   4.235e+08     25.343    -11.253     32.960     14.636     -8.976
   4.240e+08     25.820    -10.776     32.985     13.766     -9.226
   4.245e+08     26.296    -10.324     32.950     12.936     -9.478
   4.250e+08     26.774     -9.907     32.852     12.156     -9.731
   4.255e+08     27.248     -9.534     32.697     11.441     -9.980
   4.260e+08     27.711     -9.191     32.510     10.783    -10.226
   4.265e+08     28.168     -8.884     32.289     10.184    -10.469
   4.270e+08     28.601     -8.622     32.051      9.661    -10.700
   4.275e+08     29.024     -8.392     31.797      9.193    -10.924
   4.280e+08     29.411     -8.198     31.550      8.794    -11.132
   4.285e+08     29.773     -8.035     31.307      8.449    -11.326
   4.290e+08     30.088     -7.909     31.088      8.171    -11.495
   4.295e+08     30.377     -7.806     30.880      7.935    -11.650
   4.300e+08     30.611     -7.731     30.709      7.756    -11.776
   4.305e+08     30.800     -7.666     30.573      7.609    -11.879
   4.310e+08     30.949     -7.620     30.464      7.501    -11.960
   4.315e+08     31.033     -7.579     30.410      7.426    -12.008
   4.320e+08     31.072     -7.535     30.396      7.371    -12.034
   4.325e+08     31.068     -7.480     30.424      7.325    -12.040
   4.330e+08     31.002     -7.413     30.511      7.296    -12.017
   4.335e+08     30.886     -7.331     30.651      7.276    -11.970
   4.340e+08     30.743     -7.229     30.824      7.248    -11.912
   4.345e+08     30.538     -7.085     31.074      7.209    -11.829
   4.350e+08     30.314     -6.916     31.356      7.153    -11.740
   4.355e+08     30.047     -6.713     31.699      7.082    -11.632
   4.360e+08     29.763     -6.466     32.084      6.971    -11.519
   4.365e+08     29.455     -6.196     32.511      6.839    -11.397
   4.370e+08     29.128     -5.877     32.989      6.656    -11.268
   4.375e+08     28.794     -5.522     33.498      6.424    -11.137
   4.380e+08     28.450     -5.117     34.048      6.124    -11.003
   4.385e+08     28.091     -4.677     34.638      5.767    -10.862
   4.390e+08     27.747     -4.211     35.229      5.346    -10.726
   4.395e+08     27.411     -3.715     35.824      4.856    -10.592
   4.400e+08     27.060     -3.165     36.456      4.264    -10.450
   4.405e+08     26.729     -2.605     37.060      3.612    -10.314
   4.410e+08     26.416     -2.017     37.636      2.873    -10.183
   4.415e+08     26.088     -1.389     38.224      2.035    -10.041
   4.420e+08     25.796     -0.753     38.732      1.131     -9.912
   4.425e+08     25.511     -0.084     39.199      0.130     -9.781
   4.430e+08     25.229      0.598     39.615     -0.940     -9.647
   4.435e+08     24.964      1.302     39.948     -2.084     -9.515
   4.440e+08     24.721      2.022     40.182     -3.286     -9.389
   4.445e+08     24.495      2.742     40.319     -4.513     -9.266
   4.450e+08     24.271      3.490     40.367     -5.805     -9.138
   4.455e+08     24.068      4.252     40.291     -7.118     -9.015
   4.460e+08     23.875      5.014     40.115     -8.425     -8.892
   4.465e+08     23.694      5.788     39.829     -9.729     -8.769
   4.470e+08     23.540      6.563     39.416    -10.990     -8.654
   4.475e+08     23.375      7.344     38.937    -12.234     -8.530
   4.480e+08     23.235      8.149     38.325    -13.440     -8.412
   4.485e+08     23.108      8.954     37.625    -14.580     -8.295
   4.490e+08     22.995      9.760     36.849    -15.641     -8.181
   4.495e+08     22.882     10.576     36.010    -16.644     -8.063
   4.500e+08     22.785     11.383     35.123    -17.546     -7.950
=== output files ===
omm.log, geom3d.htm, omm.out
=== normal end ===
Wed Sep  1 21:54:23 2021
=== cpu time [sec] ===
part-1 :      0.137
part-2 :      0.311
part-3 :      0.126
---------------------
total  :      0.574
